<?xml version="1.0" encoding="UTF-8"?>
<testng-results skipped="0" failed="0" ignored="0" total="1" passed="1">
  <reporter-output>
  </reporter-output>
  <suite name="Suite" duration-ms="19367" started-at="2019-09-16T17:29:31 IST" finished-at="2019-09-16T17:29:51 IST">
    <groups>
    </groups>
    <test name="Test" duration-ms="19367" started-at="2019-09-16T17:29:31 IST" finished-at="2019-09-16T17:29:51 IST">
      <class name="tests.NewTest">
        <test-method status="PASS" signature="beforeClass()[pri:0, instance:tests.NewTest@6a4f787b]" name="beforeClass" is-config="true" duration-ms="7214" started-at="2019-09-16T17:29:31 IST" finished-at="2019-09-16T17:29:39 IST">
          <reporter-output>
          </reporter-output>
        </test-method> <!-- beforeClass -->
        <test-method status="PASS" signature="openmyblog()[pri:0, instance:tests.NewTest@6a4f787b]" name="openmyblog" duration-ms="10924" started-at="2019-09-16T17:29:39 IST" finished-at="2019-09-16T17:29:49 IST">
          <reporter-output>
          </reporter-output>
        </test-method> <!-- openmyblog -->
        <test-method status="PASS" signature="AfterClass()[pri:0, instance:tests.NewTest@6a4f787b]" name="AfterClass" is-config="true" duration-ms="1158" started-at="2019-09-16T17:29:49 IST" finished-at="2019-09-16T17:29:51 IST">
          <reporter-output>
          </reporter-output>
        </test-method> <!-- AfterClass -->
      </class> <!-- tests.NewTest -->
    </test> <!-- Test -->
  </suite> <!-- Suite -->
</testng-results>
